objc[24701]: Class AXEmojiUtilities is implemented in both /Applications/Xcode.app/Contents/Developer/Platforms/iPhoneSimulator.platform/Developer/SDKs/iPhoneSimulator7.1.sdk/System/Library/PrivateFrameworks/AccessibilityUtilities.framework/AccessibilityUtilities and /Applications/Xcode.app/Contents/Developer/Platforms/iPhoneSimulator.platform/Developer/SDKs/iPhoneSimulator7.1.sdk/usr/lib/libAXSpeechManager.dylib. One of the two will be used. Which one is undefined.
2014-04-22 18:39:00.668 HelloCordova[24701:70b] Cannot find executable for CFBundle 0xa66bba0 </Applications/Xcode.app/Contents/Developer/Platforms/iPhoneSimulator.platform/Developer/SDKs/iPhoneSimulator7.1.sdk/System/Library/AccessibilityBundles/CertUIFramework.axbundle> (not loaded)
2014-04-22 18:39:00.673 HelloCordova[24701:70b] Cannot find executable for CFBundle 0xa6842d0 </Applications/Xcode.app/Contents/Developer/Platforms/iPhoneSimulator.platform/Developer/SDKs/iPhoneSimulator7.1.sdk/System/Library/AccessibilityBundles/GeoServices.axbundle> (not loaded)
2014-04-22 18:39:00.827 HelloCordova[24701:70b] Multi-tasking -> Device: YES, App: YES
2014-04-22 18:39:01.042 HelloCordova[24701:70b] Unlimited access to network resources
2014-04-22 18:39:02.738 HelloCordova[24701:70b] [CDVTimer][statusbar] 267.881989ms
2014-04-22 18:39:02.738 HelloCordova[24701:70b] [CDVTimer][TotalPluginStartup] 268.319011ms
2014-04-22 18:39:02.867 HelloCordova[24701:70b] Resetting plugins due to page load.
2014-04-22 18:39:03.771 HelloCordova[24701:70b] Finished load of: file:///Users/jochen/Library/Application%20Support/iPhone%20Simulator/7.1/Applications/3DE48AEF-4BA8-466B-B9A8-AB353068D1C8/HelloCordova.app/www/index.html#/tab/dash
objc[25149]: Class AXEmojiUtilities is implemented in both /Applications/Xcode.app/Contents/Developer/Platforms/iPhoneSimulator.platform/Developer/SDKs/iPhoneSimulator7.1.sdk/System/Library/PrivateFrameworks/AccessibilityUtilities.framework/AccessibilityUtilities and /Applications/Xcode.app/Contents/Developer/Platforms/iPhoneSimulator.platform/Developer/SDKs/iPhoneSimulator7.1.sdk/usr/lib/libAXSpeechManager.dylib. One of the two will be used. Which one is undefined.
2014-04-22 18:57:03.120 HelloCordova[25149:70b] Cannot find executable for CFBundle 0xa481db0 </Applications/Xcode.app/Contents/Developer/Platforms/iPhoneSimulator.platform/Developer/SDKs/iPhoneSimulator7.1.sdk/System/Library/AccessibilityBundles/GeoServices.axbundle> (not loaded)
2014-04-22 18:57:03.127 HelloCordova[25149:70b] Cannot find executable for CFBundle 0xbc5a3d0 </Applications/Xcode.app/Contents/Developer/Platforms/iPhoneSimulator.platform/Developer/SDKs/iPhoneSimulator7.1.sdk/System/Library/AccessibilityBundles/CertUIFramework.axbundle> (not loaded)
2014-04-22 18:57:03.152 HelloCordova[25149:70b] Multi-tasking -> Device: YES, App: YES
2014-04-22 18:57:03.157 HelloCordova[25149:70b] Unlimited access to network resources
2014-04-22 18:57:03.180 HelloCordova[25149:70b] [CDVTimer][statusbar] 7.770002ms
2014-04-22 18:57:03.181 HelloCordova[25149:70b] [CDVTimer][TotalPluginStartup] 8.204997ms
2014-04-22 18:57:03.222 HelloCordova[25149:70b] Resetting plugins due to page load.
2014-04-22 18:57:03.388 HelloCordova[25149:70b] Finished load of: file:///Users/jochen/Library/Application%20Support/iPhone%20Simulator/7.1/Applications/3DE48AEF-4BA8-466B-B9A8-AB353068D1C8/HelloCordova.app/www/index.html#/tab/dash
objc[25338]: Class AXEmojiUtilities is implemented in both /Applications/Xcode.app/Contents/Developer/Platforms/iPhoneSimulator.platform/Developer/SDKs/iPhoneSimulator7.1.sdk/System/Library/PrivateFrameworks/AccessibilityUtilities.framework/AccessibilityUtilities and /Applications/Xcode.app/Contents/Developer/Platforms/iPhoneSimulator.platform/Developer/SDKs/iPhoneSimulator7.1.sdk/usr/lib/libAXSpeechManager.dylib. One of the two will be used. Which one is undefined.
2014-04-22 18:58:07.951 HelloCordova[25338:70b] Cannot find executable for CFBundle 0xa24b1b0 </Applications/Xcode.app/Contents/Developer/Platforms/iPhoneSimulator.platform/Developer/SDKs/iPhoneSimulator7.1.sdk/System/Library/AccessibilityBundles/CertUIFramework.axbundle> (not loaded)
2014-04-22 18:58:07.958 HelloCordova[25338:70b] Cannot find executable for CFBundle 0xa766540 </Applications/Xcode.app/Contents/Developer/Platforms/iPhoneSimulator.platform/Developer/SDKs/iPhoneSimulator7.1.sdk/System/Library/AccessibilityBundles/GeoServices.axbundle> (not loaded)
2014-04-22 18:58:07.989 HelloCordova[25338:70b] Multi-tasking -> Device: YES, App: YES
2014-04-22 18:58:07.995 HelloCordova[25338:70b] Unlimited access to network resources
2014-04-22 18:58:08.023 HelloCordova[25338:70b] [CDVTimer][statusbar] 7.565975ms
2014-04-22 18:58:08.024 HelloCordova[25338:70b] [CDVTimer][TotalPluginStartup] 7.990003ms
2014-04-22 18:58:08.117 HelloCordova[25338:70b] Resetting plugins due to page load.
2014-04-22 18:58:08.316 HelloCordova[25338:70b] Finished load of: file:///Users/jochen/Library/Application%20Support/iPhone%20Simulator/7.1/Applications/3DE48AEF-4BA8-466B-B9A8-AB353068D1C8/HelloCordova.app/www/index.html#/tab/dash
objc[25717]: Class AXEmojiUtilities is implemented in both /Applications/Xcode.app/Contents/Developer/Platforms/iPhoneSimulator.platform/Developer/SDKs/iPhoneSimulator7.1.sdk/System/Library/PrivateFrameworks/AccessibilityUtilities.framework/AccessibilityUtilities and /Applications/Xcode.app/Contents/Developer/Platforms/iPhoneSimulator.platform/Developer/SDKs/iPhoneSimulator7.1.sdk/usr/lib/libAXSpeechManager.dylib. One of the two will be used. Which one is undefined.
2014-04-22 18:58:58.005 HelloCordova[25717:70b] Cannot find executable for CFBundle 0xa55f8f0 </Applications/Xcode.app/Contents/Developer/Platforms/iPhoneSimulator.platform/Developer/SDKs/iPhoneSimulator7.1.sdk/System/Library/AccessibilityBundles/GeoServices.axbundle> (not loaded)
2014-04-22 18:58:58.010 HelloCordova[25717:70b] Cannot find executable for CFBundle 0xa984ec0 </Applications/Xcode.app/Contents/Developer/Platforms/iPhoneSimulator.platform/Developer/SDKs/iPhoneSimulator7.1.sdk/System/Library/AccessibilityBundles/CertUIFramework.axbundle> (not loaded)
2014-04-22 18:58:58.034 HelloCordova[25717:70b] Multi-tasking -> Device: YES, App: YES
2014-04-22 18:58:58.039 HelloCordova[25717:70b] Unlimited access to network resources
2014-04-22 18:58:58.061 HelloCordova[25717:70b] [CDVTimer][statusbar] 6.998003ms
2014-04-22 18:58:58.062 HelloCordova[25717:70b] [CDVTimer][TotalPluginStartup] 7.398009ms
2014-04-22 18:58:58.097 HelloCordova[25717:70b] Resetting plugins due to page load.
2014-04-22 18:58:58.293 HelloCordova[25717:70b] Finished load of: file:///Users/jochen/Library/Application%20Support/iPhone%20Simulator/7.1/Applications/3DE48AEF-4BA8-466B-B9A8-AB353068D1C8/HelloCordova.app/www/index.html#/tab/dash
objc[26074]: Class AXEmojiUtilities is implemented in both /Applications/Xcode.app/Contents/Developer/Platforms/iPhoneSimulator.platform/Developer/SDKs/iPhoneSimulator7.1.sdk/System/Library/PrivateFrameworks/AccessibilityUtilities.framework/AccessibilityUtilities and /Applications/Xcode.app/Contents/Developer/Platforms/iPhoneSimulator.platform/Developer/SDKs/iPhoneSimulator7.1.sdk/usr/lib/libAXSpeechManager.dylib. One of the two will be used. Which one is undefined.
2014-04-22 20:02:14.504 HelloCordova[26074:70b] Cannot find executable for CFBundle 0xa750180 </Applications/Xcode.app/Contents/Developer/Platforms/iPhoneSimulator.platform/Developer/SDKs/iPhoneSimulator7.1.sdk/System/Library/AccessibilityBundles/GeoServices.axbundle> (not loaded)
2014-04-22 20:02:14.513 HelloCordova[26074:70b] Cannot find executable for CFBundle 0xa7779c0 </Applications/Xcode.app/Contents/Developer/Platforms/iPhoneSimulator.platform/Developer/SDKs/iPhoneSimulator7.1.sdk/System/Library/AccessibilityBundles/CertUIFramework.axbundle> (not loaded)
2014-04-22 20:02:14.544 HelloCordova[26074:70b] Multi-tasking -> Device: YES, App: YES
2014-04-22 20:02:14.553 HelloCordova[26074:70b] Unlimited access to network resources
2014-04-22 20:02:14.579 HelloCordova[26074:70b] [CDVTimer][statusbar] 6.444991ms
2014-04-22 20:02:14.580 HelloCordova[26074:70b] [CDVTimer][TotalPluginStartup] 6.962001ms
2014-04-22 20:02:14.672 HelloCordova[26074:70b] Resetting plugins due to page load.
2014-04-22 20:02:14.901 HelloCordova[26074:70b] Finished load of: file:///Users/jochen/Library/Application%20Support/iPhone%20Simulator/7.1/Applications/3DE48AEF-4BA8-466B-B9A8-AB353068D1C8/HelloCordova.app/www/index.html#/tab/dash
objc[26576]: Class AXEmojiUtilities is implemented in both /Applications/Xcode.app/Contents/Developer/Platforms/iPhoneSimulator.platform/Developer/SDKs/iPhoneSimulator7.1.sdk/System/Library/PrivateFrameworks/AccessibilityUtilities.framework/AccessibilityUtilities and /Applications/Xcode.app/Contents/Developer/Platforms/iPhoneSimulator.platform/Developer/SDKs/iPhoneSimulator7.1.sdk/usr/lib/libAXSpeechManager.dylib. One of the two will be used. Which one is undefined.
2014-04-22 20:03:10.736 HelloCordova[26576:70b] Cannot find executable for CFBundle 0xb935040 </Applications/Xcode.app/Contents/Developer/Platforms/iPhoneSimulator.platform/Developer/SDKs/iPhoneSimulator7.1.sdk/System/Library/AccessibilityBundles/CertUIFramework.axbundle> (not loaded)
2014-04-22 20:03:10.740 HelloCordova[26576:70b] Cannot find executable for CFBundle 0xb95eda0 </Applications/Xcode.app/Contents/Developer/Platforms/iPhoneSimulator.platform/Developer/SDKs/iPhoneSimulator7.1.sdk/System/Library/AccessibilityBundles/GeoServices.axbundle> (not loaded)
2014-04-22 20:03:10.763 HelloCordova[26576:70b] Multi-tasking -> Device: YES, App: YES
2014-04-22 20:03:10.768 HelloCordova[26576:70b] Unlimited access to network resources
2014-04-22 20:03:10.789 HelloCordova[26576:70b] [CDVTimer][statusbar] 5.981982ms
2014-04-22 20:03:10.789 HelloCordova[26576:70b] [CDVTimer][TotalPluginStartup] 6.444991ms
2014-04-22 20:03:10.823 HelloCordova[26576:70b] Resetting plugins due to page load.
2014-04-22 20:03:10.984 HelloCordova[26576:70b] Finished load of: file:///Users/jochen/Library/Application%20Support/iPhone%20Simulator/7.1/Applications/3DE48AEF-4BA8-466B-B9A8-AB353068D1C8/HelloCordova.app/www/index.html#/tab/dash
objc[26772]: Class AXEmojiUtilities is implemented in both /Applications/Xcode.app/Contents/Developer/Platforms/iPhoneSimulator.platform/Developer/SDKs/iPhoneSimulator7.1.sdk/System/Library/PrivateFrameworks/AccessibilityUtilities.framework/AccessibilityUtilities and /Applications/Xcode.app/Contents/Developer/Platforms/iPhoneSimulator.platform/Developer/SDKs/iPhoneSimulator7.1.sdk/usr/lib/libAXSpeechManager.dylib. One of the two will be used. Which one is undefined.
2014-04-22 20:03:36.600 HelloCordova[26772:70b] Cannot find executable for CFBundle 0xa564b50 </Applications/Xcode.app/Contents/Developer/Platforms/iPhoneSimulator.platform/Developer/SDKs/iPhoneSimulator7.1.sdk/System/Library/AccessibilityBundles/CertUIFramework.axbundle> (not loaded)
2014-04-22 20:03:36.608 HelloCordova[26772:70b] Cannot find executable for CFBundle 0xa755740 </Applications/Xcode.app/Contents/Developer/Platforms/iPhoneSimulator.platform/Developer/SDKs/iPhoneSimulator7.1.sdk/System/Library/AccessibilityBundles/GeoServices.axbundle> (not loaded)
2014-04-22 20:03:36.651 HelloCordova[26772:70b] Multi-tasking -> Device: YES, App: YES
2014-04-22 20:03:36.661 HelloCordova[26772:70b] Unlimited access to network resources
2014-04-22 20:03:36.695 HelloCordova[26772:70b] [CDVTimer][statusbar] 9.733975ms
2014-04-22 20:03:36.696 HelloCordova[26772:70b] [CDVTimer][TotalPluginStartup] 10.334015ms
2014-04-22 20:03:36.803 HelloCordova[26772:70b] Resetting plugins due to page load.
2014-04-22 20:03:37.091 HelloCordova[26772:70b] Finished load of: file:///Users/jochen/Library/Application%20Support/iPhone%20Simulator/7.1/Applications/3DE48AEF-4BA8-466B-B9A8-AB353068D1C8/HelloCordova.app/www/index.html#/tab/dash
objc[27843]: Class AXEmojiUtilities is implemented in both /Applications/Xcode.app/Contents/Developer/Platforms/iPhoneSimulator.platform/Developer/SDKs/iPhoneSimulator7.1.sdk/System/Library/PrivateFrameworks/AccessibilityUtilities.framework/AccessibilityUtilities and /Applications/Xcode.app/Contents/Developer/Platforms/iPhoneSimulator.platform/Developer/SDKs/iPhoneSimulator7.1.sdk/usr/lib/libAXSpeechManager.dylib. One of the two will be used. Which one is undefined.
2014-04-22 20:16:39.205 HelloCordova[27843:70b] Cannot find executable for CFBundle 0xa93acd0 </Applications/Xcode.app/Contents/Developer/Platforms/iPhoneSimulator.platform/Developer/SDKs/iPhoneSimulator7.1.sdk/System/Library/AccessibilityBundles/CertUIFramework.axbundle> (not loaded)
2014-04-22 20:16:39.212 HelloCordova[27843:70b] Cannot find executable for CFBundle 0xa321f00 </Applications/Xcode.app/Contents/Developer/Platforms/iPhoneSimulator.platform/Developer/SDKs/iPhoneSimulator7.1.sdk/System/Library/AccessibilityBundles/GeoServices.axbundle> (not loaded)
2014-04-22 20:16:39.244 HelloCordova[27843:70b] Multi-tasking -> Device: YES, App: YES
2014-04-22 20:16:39.249 HelloCordova[27843:70b] Unlimited access to network resources
2014-04-22 20:16:39.271 HelloCordova[27843:70b] [CDVTimer][statusbar] 6.713986ms
2014-04-22 20:16:39.271 HelloCordova[27843:70b] [CDVTimer][TotalPluginStartup] 7.149041ms
2014-04-22 20:16:39.380 HelloCordova[27843:70b] Resetting plugins due to page load.
2014-04-22 20:16:39.571 HelloCordova[27843:70b] Finished load of: file:///Users/jochen/Library/Application%20Support/iPhone%20Simulator/7.1/Applications/3DE48AEF-4BA8-466B-B9A8-AB353068D1C8/HelloCordova.app/www/index.html#/tab/dash
objc[28171]: Class AXEmojiUtilities is implemented in both /Applications/Xcode.app/Contents/Developer/Platforms/iPhoneSimulator.platform/Developer/SDKs/iPhoneSimulator7.1.sdk/System/Library/PrivateFrameworks/AccessibilityUtilities.framework/AccessibilityUtilities and /Applications/Xcode.app/Contents/Developer/Platforms/iPhoneSimulator.platform/Developer/SDKs/iPhoneSimulator7.1.sdk/usr/lib/libAXSpeechManager.dylib. One of the two will be used. Which one is undefined.
2014-04-22 20:17:06.197 HelloCordova[28171:70b] Cannot find executable for CFBundle 0xaa483f0 </Applications/Xcode.app/Contents/Developer/Platforms/iPhoneSimulator.platform/Developer/SDKs/iPhoneSimulator7.1.sdk/System/Library/AccessibilityBundles/CertUIFramework.axbundle> (not loaded)
2014-04-22 20:17:06.204 HelloCordova[28171:70b] Cannot find executable for CFBundle 0xaa608b0 </Applications/Xcode.app/Contents/Developer/Platforms/iPhoneSimulator.platform/Developer/SDKs/iPhoneSimulator7.1.sdk/System/Library/AccessibilityBundles/GeoServices.axbundle> (not loaded)
2014-04-22 20:17:06.233 HelloCordova[28171:70b] Multi-tasking -> Device: YES, App: YES
2014-04-22 20:17:06.241 HelloCordova[28171:70b] Unlimited access to network resources
2014-04-22 20:17:06.264 HelloCordova[28171:70b] [CDVTimer][statusbar] 6.594002ms
2014-04-22 20:17:06.264 HelloCordova[28171:70b] [CDVTimer][TotalPluginStartup] 7.026017ms
2014-04-22 20:17:06.349 HelloCordova[28171:70b] Resetting plugins due to page load.
2014-04-22 20:17:06.548 HelloCordova[28171:70b] Finished load of: file:///Users/jochen/Library/Application%20Support/iPhone%20Simulator/7.1/Applications/3DE48AEF-4BA8-466B-B9A8-AB353068D1C8/HelloCordova.app/www/index.html#/tab/dash
objc[28586]: Class AXEmojiUtilities is implemented in both /Applications/Xcode.app/Contents/Developer/Platforms/iPhoneSimulator.platform/Developer/SDKs/iPhoneSimulator7.1.sdk/System/Library/PrivateFrameworks/AccessibilityUtilities.framework/AccessibilityUtilities and /Applications/Xcode.app/Contents/Developer/Platforms/iPhoneSimulator.platform/Developer/SDKs/iPhoneSimulator7.1.sdk/usr/lib/libAXSpeechManager.dylib. One of the two will be used. Which one is undefined.
2014-04-22 20:19:34.068 HelloCordova[28586:70b] Cannot find executable for CFBundle 0xa462a40 </Applications/Xcode.app/Contents/Developer/Platforms/iPhoneSimulator.platform/Developer/SDKs/iPhoneSimulator7.1.sdk/System/Library/AccessibilityBundles/CertUIFramework.axbundle> (not loaded)
2014-04-22 20:19:34.073 HelloCordova[28586:70b] Cannot find executable for CFBundle 0xa4762d0 </Applications/Xcode.app/Contents/Developer/Platforms/iPhoneSimulator.platform/Developer/SDKs/iPhoneSimulator7.1.sdk/System/Library/AccessibilityBundles/GeoServices.axbundle> (not loaded)
2014-04-22 20:19:34.108 HelloCordova[28586:70b] Multi-tasking -> Device: YES, App: YES
2014-04-22 20:19:34.115 HelloCordova[28586:70b] Unlimited access to network resources
2014-04-22 20:19:34.147 HelloCordova[28586:70b] [CDVTimer][statusbar] 9.370983ms
2014-04-22 20:19:34.148 HelloCordova[28586:70b] [CDVTimer][TotalPluginStartup] 9.938955ms
2014-04-22 20:19:34.239 HelloCordova[28586:70b] Resetting plugins due to page load.
2014-04-22 20:19:34.463 HelloCordova[28586:70b] Finished load of: file:///Users/jochen/Library/Application%20Support/iPhone%20Simulator/7.1/Applications/3DE48AEF-4BA8-466B-B9A8-AB353068D1C8/HelloCordova.app/www/index.html#/tab/dash
2014-04-22 20:21:09.721 HelloCordova[28586:70b] Received memory warning.
